[2021-11-16 13:46:18.841] [info] Updating Model file from 20303 to latest format...
[2021-11-16 13:46:18.896] [info] Loaded model 3DGaitModel2392 from file D:\Github\Bipedal_Robot\Solid_Models\OpenSim\Gait2392_Robotbody\gait2392_simbody.osim
[2021-11-16 13:46:18.897] [warning] Couldn't find file 'treadmill.vtp'.
[2021-11-16 13:46:18.897] [warning] Couldn't find file 'sacrum.vtp'.
[2021-11-16 13:46:18.897] [warning] Couldn't find file 'pelvis.vtp'.
[2021-11-16 13:46:18.897] [warning] Couldn't find file 'l_pelvis.vtp'.
[2021-11-16 13:46:18.898] [warning] Couldn't find file 'femur_r.vtp'.
[2021-11-16 13:46:18.898] [warning] Couldn't find file 'tibia_r.vtp'.
[2021-11-16 13:46:18.898] [warning] Couldn't find file 'fibula.vtp'.
[2021-11-16 13:46:18.898] [warning] Couldn't find file 'talus.vtp'.
[2021-11-16 13:46:18.898] [warning] Couldn't find file 'foot.vtp'.
[2021-11-16 13:46:18.898] [warning] Couldn't find file 'bofoot.vtp'.
[2021-11-16 13:46:18.899] [warning] Couldn't find file 'femur_l.vtp'.
[2021-11-16 13:46:18.899] [warning] Couldn't find file 'tibia_l.vtp'.
[2021-11-16 13:46:18.899] [warning] Couldn't find file 'l_fibula.vtp'.
[2021-11-16 13:46:18.899] [warning] Couldn't find file 'l_talus.vtp'.
[2021-11-16 13:46:18.899] [warning] Couldn't find file 'l_foot.vtp'.
[2021-11-16 13:46:18.900] [warning] Couldn't find file 'l_bofoot.vtp'.
[2021-11-16 13:46:18.900] [warning] Couldn't find file 'hat_spine.vtp'.
[2021-11-16 13:46:18.900] [warning] Couldn't find file 'hat_jaw.vtp'.
[2021-11-16 13:46:18.900] [warning] Couldn't find file 'hat_skull.vtp'.
[2021-11-16 13:46:18.900] [warning] Couldn't find file 'hat_ribs.vtp'.
[2021-11-16 13:46:18.901] [info] ControllerSet 'Controllers' was renamed and is being reset to 'controllerset'.
[2021-11-16 13:46:18.903] [info] ComponentSet 'MiscComponents' was renamed and is being reset to 'componentset'.
[2021-11-16 14:26:54.021] [info] Updating Model file from 20303 to latest format...
[2021-11-16 14:26:54.073] [info] Loaded model 3DGaitModel2392 from file C:/Users/Ben Bolen/Documents/OpenSim/4.3/Models/Gait2392_Simbody/gait2392_simbody.osim
[2021-11-16 14:26:54.073] [warning] Couldn't find file 'treadmill.vtp'.
[2021-11-16 14:26:54.073] [warning] Couldn't find file 'sacrum.vtp'.
[2021-11-16 14:26:54.074] [warning] Couldn't find file 'pelvis.vtp'.
[2021-11-16 14:26:54.074] [warning] Couldn't find file 'l_pelvis.vtp'.
[2021-11-16 14:26:54.074] [warning] Couldn't find file 'femur_r.vtp'.
[2021-11-16 14:26:54.074] [warning] Couldn't find file 'tibia_r.vtp'.
[2021-11-16 14:26:54.074] [warning] Couldn't find file 'fibula.vtp'.
[2021-11-16 14:26:54.075] [warning] Couldn't find file 'talus.vtp'.
[2021-11-16 14:26:54.075] [warning] Couldn't find file 'foot.vtp'.
[2021-11-16 14:26:54.075] [warning] Couldn't find file 'bofoot.vtp'.
[2021-11-16 14:26:54.075] [warning] Couldn't find file 'femur_l.vtp'.
[2021-11-16 14:26:54.075] [warning] Couldn't find file 'tibia_l.vtp'.
[2021-11-16 14:26:54.075] [warning] Couldn't find file 'l_fibula.vtp'.
[2021-11-16 14:26:54.076] [warning] Couldn't find file 'l_talus.vtp'.
[2021-11-16 14:26:54.076] [warning] Couldn't find file 'l_foot.vtp'.
[2021-11-16 14:26:54.076] [warning] Couldn't find file 'l_bofoot.vtp'.
[2021-11-16 14:26:54.076] [warning] Couldn't find file 'hat_spine.vtp'.
[2021-11-16 14:26:54.076] [warning] Couldn't find file 'hat_jaw.vtp'.
[2021-11-16 14:26:54.076] [warning] Couldn't find file 'hat_skull.vtp'.
[2021-11-16 14:26:54.077] [warning] Couldn't find file 'hat_ribs.vtp'.
[2021-11-16 14:26:54.077] [info] ControllerSet 'Controllers' was renamed and is being reset to 'controllerset'.
[2021-11-16 14:26:54.079] [info] ComponentSet 'MiscComponents' was renamed and is being reset to 'componentset'.
[2021-11-16 14:41:42.484] [info] No external loads will be applied (external loads file not specified).
[2021-11-16 14:41:42.484] [info] Executing the analyses from 0.0 to 99.0...
[2021-11-16 14:41:42.486] [warning] Thelen2003Muscle initialization: 'semimem_r' is at its minimum fiber length of 0.0208098.
[2021-11-16 14:41:42.492] [warning] Thelen2003Muscle initialization: 'semimem_r' is at its minimum fiber length of 0.0208098.
[2021-11-16 14:41:42.494] [warning] Thelen2003Muscle initialization: 'semimem_r' is at its minimum fiber length of 0.0208098.
[2021-11-16 14:41:42.496] [warning] Thelen2003Muscle initialization: 'semimem_r' is at its minimum fiber length of 0.0208098.
[2021-11-16 14:41:42.498] [warning] Thelen2003Muscle initialization: 'semimem_r' is at its minimum fiber length of 0.0208098.
[2021-11-16 14:41:42.499] [warning] Thelen2003Muscle initialization: 'semimem_r' is at its minimum fiber length of 0.0208098.
[2021-11-16 14:41:42.501] [warning] Thelen2003Muscle initialization: 'semimem_r' is at its minimum fiber length of 0.0208098.
[2021-11-16 14:41:42.502] [warning] Thelen2003Muscle initialization: 'semimem_r' is at its minimum fiber length of 0.0208098.
[2021-11-16 14:41:42.504] [warning] Thelen2003Muscle initialization: 'semimem_r' is at its minimum fiber length of 0.0208098.
[2021-11-16 14:41:42.505] [warning] Thelen2003Muscle initialization: 'semimem_r' is at its minimum fiber length of 0.0208098.
[2021-11-16 14:41:42.507] [warning] Thelen2003Muscle initialization: 'semimem_r' is at its minimum fiber length of 0.0208098.
[2021-11-16 14:41:42.508] [warning] Thelen2003Muscle initialization: 'semimem_r' is at its minimum fiber length of 0.0208098.
[2021-11-16 14:41:42.510] [warning] Thelen2003Muscle initialization: 'semimem_r' is at its minimum fiber length of 0.0208098.
[2021-11-16 14:41:42.512] [warning] Thelen2003Muscle initialization: 'semimem_r' is at its minimum fiber length of 0.0208098.
[2021-11-16 14:41:42.513] [warning] Thelen2003Muscle initialization: 'semimem_r' is at its minimum fiber length of 0.0208098.
[2021-11-16 14:41:42.515] [warning] Thelen2003Muscle initialization: 'semimem_r' is at its minimum fiber length of 0.0208098.
[2021-11-16 14:41:42.516] [warning] Thelen2003Muscle initialization: 'semimem_r' is at its minimum fiber length of 0.0208098.
[2021-11-16 14:41:42.518] [warning] Thelen2003Muscle initialization: 'semimem_r' is at its minimum fiber length of 0.0208098.
[2021-11-16 14:41:42.519] [warning] Thelen2003Muscle initialization: 'semimem_r' is at its minimum fiber length of 0.0208098.
[2021-11-16 14:41:42.521] [warning] Thelen2003Muscle initialization: 'semimem_r' is at its minimum fiber length of 0.0208098.
[2021-11-16 14:41:42.523] [warning] Thelen2003Muscle initialization: 'semimem_r' is at its minimum fiber length of 0.0208098.
[2021-11-16 14:41:42.524] [warning] Thelen2003Muscle initialization: 'semimem_r' is at its minimum fiber length of 0.0208098.
[2021-11-16 14:41:42.526] [warning] Thelen2003Muscle initialization: 'semimem_r' is at its minimum fiber length of 0.0208098.
[2021-11-16 14:41:42.527] [warning] Thelen2003Muscle initialization: 'semimem_r' is at its minimum fiber length of 0.0208098.
[2021-11-16 14:41:42.529] [warning] Thelen2003Muscle initialization: 'semimem_r' is at its minimum fiber length of 0.0208098.
[2021-11-16 14:41:42.530] [warning] Thelen2003Muscle initialization: 'semimem_r' is at its minimum fiber length of 0.0208098.
[2021-11-16 14:41:42.532] [warning] Thelen2003Muscle initialization: 'semimem_r' is at its minimum fiber length of 0.0208098.
[2021-11-16 14:41:42.533] [warning] Thelen2003Muscle initialization: 'semimem_r' is at its minimum fiber length of 0.0208098.
[2021-11-16 14:41:42.535] [warning] Thelen2003Muscle initialization: 'semimem_r' is at its minimum fiber length of 0.0208098.
[2021-11-16 14:41:42.536] [warning] Thelen2003Muscle initialization: 'semimem_r' is at its minimum fiber length of 0.0208098.
[2021-11-16 14:41:42.538] [warning] Thelen2003Muscle initialization: 'semimem_r' is at its minimum fiber length of 0.0208098.
[2021-11-16 14:41:42.539] [warning] Thelen2003Muscle initialization: 'semimem_r' is at its minimum fiber length of 0.0208098.
[2021-11-16 14:41:42.541] [warning] Thelen2003Muscle initialization: 'semimem_r' is at its minimum fiber length of 0.0208098.
[2021-11-16 14:41:42.542] [warning] Thelen2003Muscle initialization: 'semimem_r' is at its minimum fiber length of 0.0208098.
[2021-11-16 14:46:35.001] [info] Loaded model 3DGaitModel2392 from file D:\Github\Bipedal_Robot\Solid_Models\OpenSim\Gait2392_Robotbody\gait2392_robotbody.osim
[2021-11-16 14:46:35.002] [warning] Couldn't find file 'treadmill.vtp'.
[2021-11-16 14:46:35.002] [warning] Couldn't find file 'sacrum.vtp'.
[2021-11-16 14:46:35.002] [warning] Couldn't find file 'pelvis.vtp'.
[2021-11-16 14:46:35.003] [warning] Couldn't find file 'l_pelvis.vtp'.
[2021-11-16 14:46:35.003] [warning] Couldn't find file 'femur_r.vtp'.
[2021-11-16 14:46:35.003] [warning] Couldn't find file 'tibia_r.vtp'.
[2021-11-16 14:46:35.003] [warning] Couldn't find file 'fibula.vtp'.
[2021-11-16 14:46:35.003] [warning] Couldn't find file 'talus.vtp'.
[2021-11-16 14:46:35.004] [warning] Couldn't find file 'foot.vtp'.
[2021-11-16 14:46:35.004] [warning] Couldn't find file 'bofoot.vtp'.
[2021-11-16 14:46:35.004] [warning] Couldn't find file 'femur_l.vtp'.
[2021-11-16 14:46:35.004] [warning] Couldn't find file 'tibia_l.vtp'.
[2021-11-16 14:46:35.004] [warning] Couldn't find file 'l_fibula.vtp'.
[2021-11-16 14:46:35.005] [warning] Couldn't find file 'l_talus.vtp'.
[2021-11-16 14:46:35.005] [warning] Couldn't find file 'l_foot.vtp'.
[2021-11-16 14:46:35.005] [warning] Couldn't find file 'l_bofoot.vtp'.
[2021-11-16 14:46:35.005] [warning] Couldn't find file 'hat_spine.vtp'.
[2021-11-16 14:46:35.005] [warning] Couldn't find file 'hat_jaw.vtp'.
[2021-11-16 14:46:35.006] [warning] Couldn't find file 'hat_skull.vtp'.
[2021-11-16 14:46:35.006] [warning] Couldn't find file 'hat_ribs.vtp'.
[2021-11-16 14:49:26.195] [info] Updating Model file from 20303 to latest format...
[2021-11-16 14:49:26.247] [info] Loaded model 3DGaitModel2392 from file D:\Github\Bipedal_Robot\Solid_Models\OpenSim\Gait2392_Robotbody\gait2392_simbody.osim
[2021-11-16 14:49:26.359] [info] ControllerSet 'Controllers' was renamed and is being reset to 'controllerset'.
[2021-11-16 14:49:26.361] [info] ComponentSet 'MiscComponents' was renamed and is being reset to 'componentset'.
[2021-11-16 14:57:26.911] [info] No external loads will be applied (external loads file not specified).
[2021-11-16 14:57:26.911] [info] Executing the analyses from 0.0 to 99.0...
[2021-11-16 14:57:26.912] [warning] Thelen2003Muscle initialization: 'semimem_r' is at its minimum fiber length of 0.0208098.
[2021-11-16 14:57:26.919] [warning] Thelen2003Muscle initialization: 'semimem_r' is at its minimum fiber length of 0.0208098.
[2021-11-16 14:57:26.920] [warning] Thelen2003Muscle initialization: 'semimem_r' is at its minimum fiber length of 0.0208098.
[2021-11-16 14:57:26.922] [warning] Thelen2003Muscle initialization: 'semimem_r' is at its minimum fiber length of 0.0208098.
[2021-11-16 14:57:26.923] [warning] Thelen2003Muscle initialization: 'semimem_r' is at its minimum fiber length of 0.0208098.
[2021-11-16 14:57:26.925] [warning] Thelen2003Muscle initialization: 'semimem_r' is at its minimum fiber length of 0.0208098.
[2021-11-16 14:57:26.927] [warning] Thelen2003Muscle initialization: 'semimem_r' is at its minimum fiber length of 0.0208098.
[2021-11-16 14:57:26.929] [warning] Thelen2003Muscle initialization: 'semimem_r' is at its minimum fiber length of 0.0208098.
[2021-11-16 14:57:26.931] [warning] Thelen2003Muscle initialization: 'semimem_r' is at its minimum fiber length of 0.0208098.
[2021-11-16 14:57:26.932] [warning] Thelen2003Muscle initialization: 'semimem_r' is at its minimum fiber length of 0.0208098.
[2021-11-16 14:57:26.934] [warning] Thelen2003Muscle initialization: 'semimem_r' is at its minimum fiber length of 0.0208098.
[2021-11-16 14:57:26.935] [warning] Thelen2003Muscle initialization: 'semimem_r' is at its minimum fiber length of 0.0208098.
[2021-11-16 14:57:26.937] [warning] Thelen2003Muscle initialization: 'semimem_r' is at its minimum fiber length of 0.0208098.
[2021-11-16 14:57:26.938] [warning] Thelen2003Muscle initialization: 'semimem_r' is at its minimum fiber length of 0.0208098.
[2021-11-16 14:57:26.940] [warning] Thelen2003Muscle initialization: 'semimem_r' is at its minimum fiber length of 0.0208098.
[2021-11-16 14:57:26.941] [warning] Thelen2003Muscle initialization: 'semimem_r' is at its minimum fiber length of 0.0208098.
[2021-11-16 14:57:26.943] [warning] Thelen2003Muscle initialization: 'semimem_r' is at its minimum fiber length of 0.0208098.
[2021-11-16 14:57:26.945] [warning] Thelen2003Muscle initialization: 'semimem_r' is at its minimum fiber length of 0.0208098.
[2021-11-16 14:57:26.946] [warning] Thelen2003Muscle initialization: 'semimem_r' is at its minimum fiber length of 0.0208098.
[2021-11-16 14:57:26.948] [warning] Thelen2003Muscle initialization: 'semimem_r' is at its minimum fiber length of 0.0208098.
[2021-11-16 14:57:26.949] [warning] Thelen2003Muscle initialization: 'semimem_r' is at its minimum fiber length of 0.0208098.
[2021-11-16 14:57:26.951] [warning] Thelen2003Muscle initialization: 'semimem_r' is at its minimum fiber length of 0.0208098.
[2021-11-16 14:57:26.952] [warning] Thelen2003Muscle initialization: 'semimem_r' is at its minimum fiber length of 0.0208098.
[2021-11-16 14:57:26.954] [warning] Thelen2003Muscle initialization: 'semimem_r' is at its minimum fiber length of 0.0208098.
[2021-11-16 14:57:26.955] [warning] Thelen2003Muscle initialization: 'semimem_r' is at its minimum fiber length of 0.0208098.
[2021-11-16 14:57:26.957] [warning] Thelen2003Muscle initialization: 'semimem_r' is at its minimum fiber length of 0.0208098.
[2021-11-16 14:57:26.958] [warning] Thelen2003Muscle initialization: 'semimem_r' is at its minimum fiber length of 0.0208098.
[2021-11-16 14:57:26.960] [warning] Thelen2003Muscle initialization: 'semimem_r' is at its minimum fiber length of 0.0208098.
[2021-11-16 14:57:26.961] [warning] Thelen2003Muscle initialization: 'semimem_r' is at its minimum fiber length of 0.0208098.
[2021-11-16 14:57:26.963] [warning] Thelen2003Muscle initialization: 'semimem_r' is at its minimum fiber length of 0.0208098.
[2021-11-16 14:57:26.965] [warning] Thelen2003Muscle initialization: 'semimem_r' is at its minimum fiber length of 0.0208098.
[2021-11-16 14:57:26.966] [warning] Thelen2003Muscle initialization: 'semimem_r' is at its minimum fiber length of 0.0208098.
[2021-11-16 14:57:26.968] [warning] Thelen2003Muscle initialization: 'semimem_r' is at its minimum fiber length of 0.0208098.
[2021-11-16 14:57:26.969] [warning] Thelen2003Muscle initialization: 'semimem_r' is at its minimum fiber length of 0.0208098.
[2021-11-16 15:42:28.780] [info] No external loads will be applied (external loads file not specified).
[2021-11-16 15:42:28.780] [info] Executing the analyses from 0.0 to 99.0...
[2021-11-16 15:42:28.781] [warning] Thelen2003Muscle initialization: 'semimem_r' is at its minimum fiber length of 0.0208098.
[2021-11-16 15:42:28.790] [warning] Thelen2003Muscle initialization: 'semimem_r' is at its minimum fiber length of 0.0208098.
[2021-11-16 15:42:28.792] [warning] Thelen2003Muscle initialization: 'semimem_r' is at its minimum fiber length of 0.0208098.
[2021-11-16 15:42:28.794] [warning] Thelen2003Muscle initialization: 'semimem_r' is at its minimum fiber length of 0.0208098.
[2021-11-16 15:42:28.796] [warning] Thelen2003Muscle initialization: 'semimem_r' is at its minimum fiber length of 0.0208098.
[2021-11-16 15:42:28.798] [warning] Thelen2003Muscle initialization: 'semimem_r' is at its minimum fiber length of 0.0208098.
[2021-11-16 15:42:28.799] [warning] Thelen2003Muscle initialization: 'semimem_r' is at its minimum fiber length of 0.0208098.
[2021-11-16 15:42:28.801] [warning] Thelen2003Muscle initialization: 'semimem_r' is at its minimum fiber length of 0.0208098.
[2021-11-16 15:42:28.803] [warning] Thelen2003Muscle initialization: 'semimem_r' is at its minimum fiber length of 0.0208098.
[2021-11-16 15:42:28.805] [warning] Thelen2003Muscle initialization: 'semimem_r' is at its minimum fiber length of 0.0208098.
[2021-11-16 15:42:28.807] [warning] Thelen2003Muscle initialization: 'semimem_r' is at its minimum fiber length of 0.0208098.
[2021-11-16 15:42:28.809] [warning] Thelen2003Muscle initialization: 'semimem_r' is at its minimum fiber length of 0.0208098.
[2021-11-16 15:42:28.810] [warning] Thelen2003Muscle initialization: 'semimem_r' is at its minimum fiber length of 0.0208098.
[2021-11-16 15:42:28.812] [warning] Thelen2003Muscle initialization: 'semimem_r' is at its minimum fiber length of 0.0208098.
[2021-11-16 15:42:28.814] [warning] Thelen2003Muscle initialization: 'semimem_r' is at its minimum fiber length of 0.0208098.
[2021-11-16 15:42:28.816] [warning] Thelen2003Muscle initialization: 'semimem_r' is at its minimum fiber length of 0.0208098.
[2021-11-16 15:42:28.818] [warning] Thelen2003Muscle initialization: 'semimem_r' is at its minimum fiber length of 0.0208098.
[2021-11-16 15:42:28.820] [warning] Thelen2003Muscle initialization: 'semimem_r' is at its minimum fiber length of 0.0208098.
[2021-11-16 15:42:28.822] [warning] Thelen2003Muscle initialization: 'semimem_r' is at its minimum fiber length of 0.0208098.
[2021-11-16 15:42:28.824] [warning] Thelen2003Muscle initialization: 'semimem_r' is at its minimum fiber length of 0.0208098.
[2021-11-16 15:42:28.826] [warning] Thelen2003Muscle initialization: 'semimem_r' is at its minimum fiber length of 0.0208098.
[2021-11-16 15:42:28.827] [warning] Thelen2003Muscle initialization: 'semimem_r' is at its minimum fiber length of 0.0208098.
[2021-11-16 15:42:28.829] [warning] Thelen2003Muscle initialization: 'semimem_r' is at its minimum fiber length of 0.0208098.
[2021-11-16 15:42:28.831] [warning] Thelen2003Muscle initialization: 'semimem_r' is at its minimum fiber length of 0.0208098.
[2021-11-16 15:42:28.833] [warning] Thelen2003Muscle initialization: 'semimem_r' is at its minimum fiber length of 0.0208098.
[2021-11-16 15:42:28.835] [warning] Thelen2003Muscle initialization: 'semimem_r' is at its minimum fiber length of 0.0208098.
[2021-11-16 15:42:28.837] [warning] Thelen2003Muscle initialization: 'semimem_r' is at its minimum fiber length of 0.0208098.
[2021-11-16 15:42:28.839] [warning] Thelen2003Muscle initialization: 'semimem_r' is at its minimum fiber length of 0.0208098.
[2021-11-16 15:42:28.841] [warning] Thelen2003Muscle initialization: 'semimem_r' is at its minimum fiber length of 0.0208098.
[2021-11-16 15:42:28.843] [warning] Thelen2003Muscle initialization: 'semimem_r' is at its minimum fiber length of 0.0208098.
[2021-11-16 15:42:28.844] [warning] Thelen2003Muscle initialization: 'semimem_r' is at its minimum fiber length of 0.0208098.
[2021-11-16 15:42:28.846] [warning] Thelen2003Muscle initialization: 'semimem_r' is at its minimum fiber length of 0.0208098.
[2021-11-16 15:42:28.848] [warning] Thelen2003Muscle initialization: 'semimem_r' is at its minimum fiber length of 0.0208098.
[2021-11-16 15:42:28.850] [warning] Thelen2003Muscle initialization: 'semimem_r' is at its minimum fiber length of 0.0208098.
